2026-04-11 21:07:22,143 | INFO     | netflix | Starting Netflix Stock Prediction Pipeline
2026-04-11 21:07:22,144 | INFO     | netflix | Loading data (source=csv)...
2026-04-11 21:07:22,145 | INFO     | src.data_loader | Loading data from data/netflix.csv
2026-04-11 21:07:22,171 | INFO     | netflix | Running EDA...
2026-04-11 21:07:22,212 | INFO     | netflix | Creating features...
2026-04-11 21:07:22,262 | INFO     | netflix | Fitting HMM regime detector...
2026-04-11 21:07:22,262 | WARNING  | src.regime_detection | hmmlearn not installed — regime detection disabled
2026-04-11 21:07:22,262 | INFO     | src.regime_detection | Regime model saved -> models/regime_model.pkl
2026-04-11 21:07:22,262 | INFO     | netflix | Regime distribution: {1: 5717}
2026-04-11 21:07:22,262 | INFO     | netflix | Active features: 55 | Rows: 5,717
2026-04-11 21:07:22,271 | INFO     | netflix | Training stacking ensemble (XGB + LGBM + RF + ET -> Ridge)...
2026-04-11 21:07:22,276 | INFO     | src.modeling | Running walk-forward CV...
2026-04-11 21:07:30,174 | INFO     | src.modeling |   Fold 1: RMSE=3.5069  R2=-0.0244
2026-04-11 21:07:51,038 | INFO     | src.modeling |   Fold 2: RMSE=3.9697  R2=-0.0003
2026-04-11 21:08:32,758 | INFO     | src.modeling |   Fold 3: RMSE=2.6605  R2=0.0010
2026-04-11 21:09:12,250 | INFO     | src.modeling |   Fold 4: RMSE=2.7057  R2=-0.0004
2026-04-11 21:09:32,929 | INFO     | src.modeling |   Fold 5: RMSE=2.7556  R2=0.0027
2026-04-11 21:09:32,929 | INFO     | src.modeling | CV RMSE: 3.1197 +/- 0.5267
2026-04-11 21:09:32,929 | INFO     | src.modeling | CV R2  : -0.0043 +/- 0.0101
2026-04-11 21:09:52,170 | INFO     | src.uncertainty | Conformal quantile (alpha=0.1): 4.0097
2026-04-11 21:10:18,318 | INFO     | src.modeling | Conformal coverage: 0.915 (target >= 0.90)
2026-04-11 21:10:18,319 | INFO     | src.modeling | Interval width: 8.0193%
2026-04-11 21:10:18,324 | INFO     | netflix | Model results:
2026-04-11 21:10:18,325 | INFO     | netflix |   RMSE: 1.4770
2026-04-11 21:10:18,328 | INFO     | netflix |   MAE: 0.9546
2026-04-11 21:10:18,328 | INFO     | netflix |   R2: 0.9977
2026-04-11 21:10:18,329 | INFO     | netflix |   Ret_R2: -0.0007
2026-04-11 21:10:18,329 | INFO     | netflix |   CV_RMSE: 3.1197
2026-04-11 21:10:18,332 | INFO     | netflix |   CV_R2: -0.0043
2026-04-11 21:10:18,332 | INFO     | netflix |   Dir_Acc: 51.3112
2026-04-11 21:10:18,333 | INFO     | netflix |   CP_Coverage: 0.9152
2026-04-11 21:10:18,333 | INFO     | netflix |   CP_Width: 8.0193
2026-04-11 21:10:18,826 | INFO     | src.modeling | Model saved -> models/model.pkl
2026-04-11 21:10:18,826 | INFO     | src.utils | Metrics saved -> outputs\metrics.json
2026-04-11 21:10:18,887 | INFO     | netflix | Feature cache saved -> outputs\features_cache.parquet
2026-04-11 21:10:18,887 | INFO     | src.utils | Experiment logged -> outputs\experiment_log.csv
2026-04-11 21:10:18,887 | INFO     | netflix | Running backtest...
2026-04-11 21:10:18,887 | INFO     | src.backtest | Backtest complete
2026-04-11 21:10:18,887 | INFO     | src.backtest |   Strategy_Total_Return_%: 2272110.96
2026-04-11 21:10:18,887 | INFO     | src.backtest |   Strategy_Ann_Return_%: 811.25
2026-04-11 21:10:18,887 | INFO     | src.backtest |   Strategy_Sharpe: 5.301
2026-04-11 21:10:18,887 | INFO     | src.backtest |   Strategy_Sortino: 8.869
2026-04-11 21:10:18,887 | INFO     | src.backtest |   Strategy_Calmar: 22.803
2026-04-11 21:10:18,887 | INFO     | src.backtest |   Strategy_MaxDrawdown_%: -35.58
2026-04-11 21:10:18,887 | INFO     | src.backtest |   Strategy_WinRate_%: 42.31
2026-04-11 21:10:18,887 | INFO     | src.backtest |   N_Trades: 558
2026-04-11 21:10:18,901 | INFO     | src.backtest |   Kelly_Fraction: 0.25
2026-04-11 21:10:18,901 | INFO     | src.backtest |   Kelly_Total_Return_%: 406.56
2026-04-11 21:10:18,901 | INFO     | src.backtest |   Kelly_Sharpe: 3.567
2026-04-11 21:10:18,902 | INFO     | src.backtest |   BuyHold_Total_Return_%: 165.04
2026-04-11 21:10:18,902 | INFO     | src.backtest |   BuyHold_Ann_Return_%: 23.95
2026-04-11 21:10:18,903 | INFO     | src.backtest |   BuyHold_Sharpe: 0.591
2026-04-11 21:10:18,903 | INFO     | src.backtest |   BuyHold_MaxDrawdown_%: -94.02
2026-04-11 21:10:18,903 | INFO     | netflix |   Strategy_Total_Return_%: 2272110.96
2026-04-11 21:10:18,903 | INFO     | netflix |   Strategy_Ann_Return_%: 811.25
2026-04-11 21:10:18,904 | INFO     | netflix |   Strategy_Sharpe: 5.301
2026-04-11 21:10:18,904 | INFO     | netflix |   Strategy_Sortino: 8.869
2026-04-11 21:10:18,904 | INFO     | netflix |   Strategy_Calmar: 22.803
2026-04-11 21:10:18,904 | INFO     | netflix |   Strategy_MaxDrawdown_%: -35.58
2026-04-11 21:10:18,905 | INFO     | netflix |   Strategy_WinRate_%: 42.31
2026-04-11 21:10:18,905 | INFO     | netflix |   N_Trades: 558
2026-04-11 21:10:18,905 | INFO     | netflix |   Kelly_Fraction: 0.25
2026-04-11 21:10:18,905 | INFO     | netflix |   Kelly_Total_Return_%: 406.56
2026-04-11 21:10:18,905 | INFO     | netflix |   Kelly_Sharpe: 3.567
2026-04-11 21:10:18,905 | INFO     | netflix |   BuyHold_Total_Return_%: 165.04
2026-04-11 21:10:18,906 | INFO     | netflix |   BuyHold_Ann_Return_%: 23.95
2026-04-11 21:10:18,906 | INFO     | netflix |   BuyHold_Sharpe: 0.591
2026-04-11 21:10:18,906 | INFO     | netflix |   BuyHold_MaxDrawdown_%: -94.02
2026-04-11 21:10:18,912 | INFO     | netflix | Generating visualizations...
2026-04-11 21:10:19,889 | INFO     | matplotlib.category | Using categorical units to plot a list of strings that are all parsable as floats or dates. If these strings should be plotted as numbers, cast to the appropriate data type before plotting.
2026-04-11 21:10:19,889 | INFO     | matplotlib.category | Using categorical units to plot a list of strings that are all parsable as floats or dates. If these strings should be plotted as numbers, cast to the appropriate data type before plotting.
2026-04-11 21:10:20,474 | INFO     | matplotlib.category | Using categorical units to plot a list of strings that are all parsable as floats or dates. If these strings should be plotted as numbers, cast to the appropriate data type before plotting.
2026-04-11 21:10:20,485 | INFO     | matplotlib.category | Using categorical units to plot a list of strings that are all parsable as floats or dates. If these strings should be plotted as numbers, cast to the appropriate data type before plotting.
2026-04-11 21:10:34,948 | INFO     | netflix | Running SHAP analysis...
2026-04-11 21:10:37,657 | INFO     | netflix | Running ARIMA forecast...
2026-04-11 21:10:37,822 | INFO     | netflix | Forecast (next 10 months):
2026-02-28    87.971663
2026-03-31    85.283814
2026-04-30    83.886846
2026-05-31    83.239739
2026-06-30    82.616774
2026-07-31    82.274322
2026-08-31    82.103935
2026-09-30    81.958590
2026-10-31    81.875668
2026-11-30    81.832026
Freq: ME, Name: predicted_mean, dtype: float64
2026-04-11 21:10:37,822 | INFO     | netflix | Pipeline completed successfully!
