2026-04-11 23:28:51,762 | INFO     | netflix | Starting Netflix Stock Prediction Pipeline
2026-04-11 23:28:51,768 | INFO     | netflix | Loading data (source=csv)...
2026-04-11 23:28:51,768 | INFO     | src.data_loader | Loading data from data/netflix.csv
2026-04-11 23:28:52,027 | INFO     | netflix | Running EDA...
2026-04-11 23:28:52,192 | INFO     | netflix | Creating features...
2026-04-11 23:28:52,459 | INFO     | netflix | Fitting HMM regime detector...
2026-04-11 23:28:52,466 | WARNING  | src.regime_detection | hmmlearn not installed — regime detection disabled
2026-04-11 23:28:52,503 | INFO     | src.regime_detection | Regime model saved -> models/regime_model.pkl
2026-04-11 23:28:52,511 | INFO     | netflix | Regime distribution: {1: 5717}
2026-04-11 23:28:52,519 | INFO     | netflix | Active features: 55 | Rows: 5,717
2026-04-11 23:28:52,519 | INFO     | netflix | Training stacking ensemble (XGB + LGBM + RF + ET -> Ridge)...
2026-04-11 23:28:52,568 | INFO     | src.modeling | Running walk-forward CV...
2026-04-11 23:29:19,318 | INFO     | src.modeling |   Fold 1: RMSE=3.5069  R2=-0.0244
2026-04-11 23:30:05,000 | INFO     | src.modeling |   Fold 2: RMSE=3.9697  R2=-0.0003
2026-04-11 23:31:13,406 | INFO     | src.modeling |   Fold 3: RMSE=2.6605  R2=0.0010
2026-04-11 23:32:35,409 | INFO     | src.modeling |   Fold 4: RMSE=2.7057  R2=-0.0004
2026-04-11 23:33:43,955 | INFO     | src.modeling |   Fold 5: RMSE=2.7556  R2=0.0027
2026-04-11 23:33:43,956 | INFO     | src.modeling | CV RMSE: 3.1197 +/- 0.5267
2026-04-11 23:33:43,958 | INFO     | src.modeling | CV R2  : -0.0043 +/- 0.0101
2026-04-11 23:34:28,836 | INFO     | src.uncertainty | Conformal quantile (alpha=0.1): 4.0097
2026-04-11 23:35:02,776 | INFO     | src.modeling | Conformal coverage: 0.915 (target >= 0.90)
2026-04-11 23:35:02,776 | INFO     | src.modeling | Interval width: 8.0193%
2026-04-11 23:35:02,791 | INFO     | netflix | Model results:
2026-04-11 23:35:02,791 | INFO     | netflix |   RMSE: 1.4770
2026-04-11 23:35:02,791 | INFO     | netflix |   MAE: 0.9546
2026-04-11 23:35:02,791 | INFO     | netflix |   R2: 0.9977
2026-04-11 23:35:02,791 | INFO     | netflix |   Ret_R2: -0.0007
2026-04-11 23:35:02,796 | INFO     | netflix |   CV_RMSE: 3.1197
2026-04-11 23:35:02,796 | INFO     | netflix |   CV_R2: -0.0043
2026-04-11 23:35:02,796 | INFO     | netflix |   Dir_Acc: 51.3112
2026-04-11 23:35:02,798 | INFO     | netflix |   CP_Coverage: 0.9152
2026-04-11 23:35:02,798 | INFO     | netflix |   CP_Width: 8.0193
2026-04-11 23:35:03,490 | INFO     | src.modeling | Model saved -> models/model.pkl
2026-04-11 23:35:03,490 | INFO     | src.utils | Metrics saved -> outputs\metrics.json
2026-04-11 23:35:04,398 | INFO     | netflix | Feature cache saved -> outputs\features_cache.parquet
2026-04-11 23:35:04,401 | INFO     | src.utils | Experiment logged -> outputs\experiment_log.csv
2026-04-11 23:35:04,401 | INFO     | netflix | Running backtest...
2026-04-11 23:35:04,406 | INFO     | src.backtest | Backtest complete
2026-04-11 23:35:04,406 | INFO     | src.backtest |   Strategy_Total_Return_%: 2272110.96
2026-04-11 23:35:04,406 | INFO     | src.backtest |   Strategy_Ann_Return_%: 811.25
2026-04-11 23:35:04,406 | INFO     | src.backtest |   Strategy_Sharpe: 5.301
2026-04-11 23:35:04,412 | INFO     | src.backtest |   Strategy_Sortino: 8.869
2026-04-11 23:35:04,412 | INFO     | src.backtest |   Strategy_Calmar: 22.803
2026-04-11 23:35:04,412 | INFO     | src.backtest |   Strategy_MaxDrawdown_%: -35.58
2026-04-11 23:35:04,412 | INFO     | src.backtest |   Strategy_WinRate_%: 42.31
2026-04-11 23:35:04,412 | INFO     | src.backtest |   N_Trades: 558
2026-04-11 23:35:04,412 | INFO     | src.backtest |   Kelly_Fraction: 0.25
2026-04-11 23:35:04,412 | INFO     | src.backtest |   Kelly_Total_Return_%: 406.56
2026-04-11 23:35:04,416 | INFO     | src.backtest |   Kelly_Sharpe: 3.567
2026-04-11 23:35:04,416 | INFO     | src.backtest |   BuyHold_Total_Return_%: 165.04
2026-04-11 23:35:04,416 | INFO     | src.backtest |   BuyHold_Ann_Return_%: 23.95
2026-04-11 23:35:04,418 | INFO     | src.backtest |   BuyHold_Sharpe: 0.591
2026-04-11 23:35:04,418 | INFO     | src.backtest |   BuyHold_MaxDrawdown_%: -94.02
2026-04-11 23:35:04,418 | INFO     | netflix |   Strategy_Total_Return_%: 2272110.96
2026-04-11 23:35:04,420 | INFO     | netflix |   Strategy_Ann_Return_%: 811.25
2026-04-11 23:35:04,420 | INFO     | netflix |   Strategy_Sharpe: 5.301
2026-04-11 23:35:04,420 | INFO     | netflix |   Strategy_Sortino: 8.869
2026-04-11 23:35:04,422 | INFO     | netflix |   Strategy_Calmar: 22.803
2026-04-11 23:35:04,422 | INFO     | netflix |   Strategy_MaxDrawdown_%: -35.58
2026-04-11 23:35:04,423 | INFO     | netflix |   Strategy_WinRate_%: 42.31
2026-04-11 23:35:04,424 | INFO     | netflix |   N_Trades: 558
2026-04-11 23:35:04,424 | INFO     | netflix |   Kelly_Fraction: 0.25
2026-04-11 23:35:04,426 | INFO     | netflix |   Kelly_Total_Return_%: 406.56
2026-04-11 23:35:04,426 | INFO     | netflix |   Kelly_Sharpe: 3.567
2026-04-11 23:35:04,426 | INFO     | netflix |   BuyHold_Total_Return_%: 165.04
2026-04-11 23:35:04,428 | INFO     | netflix |   BuyHold_Ann_Return_%: 23.95
2026-04-11 23:35:04,428 | INFO     | netflix |   BuyHold_Sharpe: 0.591
2026-04-11 23:35:04,428 | INFO     | netflix |   BuyHold_MaxDrawdown_%: -94.02
2026-04-11 23:35:04,452 | INFO     | netflix | Generating visualizations...
2026-04-11 23:35:06,282 | INFO     | matplotlib.category | Using categorical units to plot a list of strings that are all parsable as floats or dates. If these strings should be plotted as numbers, cast to the appropriate data type before plotting.
2026-04-11 23:35:06,302 | INFO     | matplotlib.category | Using categorical units to plot a list of strings that are all parsable as floats or dates. If these strings should be plotted as numbers, cast to the appropriate data type before plotting.
2026-04-11 23:35:06,976 | INFO     | matplotlib.category | Using categorical units to plot a list of strings that are all parsable as floats or dates. If these strings should be plotted as numbers, cast to the appropriate data type before plotting.
2026-04-11 23:35:06,996 | INFO     | matplotlib.category | Using categorical units to plot a list of strings that are all parsable as floats or dates. If these strings should be plotted as numbers, cast to the appropriate data type before plotting.
2026-04-11 23:35:32,718 | INFO     | netflix | Running SHAP analysis...
2026-04-11 23:35:37,124 | INFO     | netflix | Running ARIMA forecast...
2026-04-11 23:35:37,536 | INFO     | netflix | Forecast (next 10 months):
2026-02-28    87.971663
2026-03-31    85.283814
2026-04-30    83.886846
2026-05-31    83.239739
2026-06-30    82.616774
2026-07-31    82.274322
2026-08-31    82.103935
2026-09-30    81.958590
2026-10-31    81.875668
2026-11-30    81.832026
Freq: ME, Name: predicted_mean, dtype: float64
2026-04-11 23:35:37,536 | INFO     | netflix | Pipeline completed successfully!
