2026-04-04 18:20:01,732 | INFO     | netflix | Loading data (source=csv)...
2026-04-04 18:20:01,742 | INFO     | src.data_loader | Loading data from data/netflix.csv
2026-04-04 18:20:01,814 | INFO     | netflix | Preprocessing...
2026-04-04 18:20:01,890 | INFO     | netflix | Running EDA...
2026-04-04 18:20:02,043 | INFO     | netflix | Creating features...
2026-04-04 18:20:02,530 | INFO     | netflix | Features: 49 | Rows: 5,717
2026-04-04 18:23:41,802 | INFO     | netflix | Model results:
2026-04-04 18:23:41,802 | INFO     | netflix |   RMSE: 1.4743
2026-04-04 18:23:41,802 | INFO     | netflix |   MAE: 0.9533
2026-04-04 18:23:41,834 | INFO     | netflix |   R2: 0.9977
2026-04-04 18:23:41,834 | INFO     | netflix |   Ret_R2: 0.0019
2026-04-04 18:23:41,834 | INFO     | netflix |   CV_RMSE: 3.1140
2026-04-04 18:23:41,834 | INFO     | netflix |   CV_R2: -0.0007
2026-04-04 18:23:41,834 | INFO     | netflix |   Dir_Acc: 50.6119
2026-04-04 18:23:42,393 | INFO     | netflix | Running backtest...
2026-04-04 18:23:42,393 | INFO     | src.backtest | Backtest complete
2026-04-04 18:23:42,396 | INFO     | src.backtest |   Strategy_Total_Return_%: 2188976.89
2026-04-04 18:23:42,396 | INFO     | src.backtest |   BuyHold_Total_Return_%: 165.04
2026-04-04 18:23:42,398 | INFO     | src.backtest |   Strategy_Ann_Return_%: 803.8
2026-04-04 18:23:42,398 | INFO     | src.backtest |   BuyHold_Ann_Return_%: 23.95
2026-04-04 18:23:42,398 | INFO     | src.backtest |   Strategy_Sharpe: 5.395
2026-04-04 18:23:42,398 | INFO     | src.backtest |   BuyHold_Sharpe: 0.671
2026-04-04 18:23:42,398 | INFO     | src.backtest |   Strategy_Sortino: 7.548
2026-04-04 18:23:42,398 | INFO     | src.backtest |   Strategy_MaxDrawdown_%: -35.58
2026-04-04 18:23:42,400 | INFO     | src.backtest |   BuyHold_MaxDrawdown_%: -94.02
2026-04-04 18:23:42,400 | INFO     | src.backtest |   N_Trades: 558
2026-04-04 18:23:42,400 | INFO     | src.backtest |   Win_Rate_%: 42.22
2026-04-04 18:23:42,400 | INFO     | netflix | Backtest metrics:
2026-04-04 18:23:42,402 | INFO     | netflix |   Strategy_Total_Return_%: 2188976.89
2026-04-04 18:23:42,402 | INFO     | netflix |   BuyHold_Total_Return_%: 165.04
2026-04-04 18:23:42,402 | INFO     | netflix |   Strategy_Ann_Return_%: 803.8
2026-04-04 18:23:42,402 | INFO     | netflix |   BuyHold_Ann_Return_%: 23.95
2026-04-04 18:23:42,402 | INFO     | netflix |   Strategy_Sharpe: 5.395
2026-04-04 18:23:42,402 | INFO     | netflix |   BuyHold_Sharpe: 0.671
2026-04-04 18:23:42,402 | INFO     | netflix |   Strategy_Sortino: 7.548
2026-04-04 18:23:42,402 | INFO     | netflix |   Strategy_MaxDrawdown_%: -35.58
2026-04-04 18:23:42,402 | INFO     | netflix |   BuyHold_MaxDrawdown_%: -94.02
2026-04-04 18:23:42,402 | INFO     | netflix |   N_Trades: 558
2026-04-04 18:23:42,402 | INFO     | netflix |   Win_Rate_%: 42.22
2026-04-04 18:23:42,442 | INFO     | netflix | Generating visualizations...
2026-04-04 18:23:44,482 | INFO     | matplotlib.category | Using categorical units to plot a list of strings that are all parsable as floats or dates. If these strings should be plotted as numbers, cast to the appropriate data type before plotting.
2026-04-04 18:23:44,504 | INFO     | matplotlib.category | Using categorical units to plot a list of strings that are all parsable as floats or dates. If these strings should be plotted as numbers, cast to the appropriate data type before plotting.
2026-04-04 18:23:45,258 | INFO     | matplotlib.category | Using categorical units to plot a list of strings that are all parsable as floats or dates. If these strings should be plotted as numbers, cast to the appropriate data type before plotting.
2026-04-04 18:23:45,265 | INFO     | matplotlib.category | Using categorical units to plot a list of strings that are all parsable as floats or dates. If these strings should be plotted as numbers, cast to the appropriate data type before plotting.
2026-04-04 18:24:04,411 | INFO     | netflix | Running SHAP analysis...
2026-04-04 18:24:08,398 | INFO     | netflix | Running ARIMA forecast...
2026-04-04 18:24:08,799 | INFO     | netflix | Forecast (next 10 months):
2026-02-28    87.971663
2026-03-31    85.283814
2026-04-30    83.886846
2026-05-31    83.239739
2026-06-30    82.616774
2026-07-31    82.274322
2026-08-31    82.103935
2026-09-30    81.958590
2026-10-31    81.875668
2026-11-30    81.832026
Freq: ME, Name: predicted_mean, dtype: float64
